2025-08-24 18:28:46 INFO  TC001_AccountRegistrationTest:15 - ***** Starting TC001_AccountRegistrationTest  ****
2025-08-24 18:28:48 INFO  TC001_AccountRegistrationTest:40 - Test passed
2025-08-24 18:28:48 INFO  TC001_AccountRegistrationTest:49 - ***** Finished TC001_AccountRegistrationTest *****
2025-08-24 18:28:51 INFO  TC002_LoginTest:15 - ****** Starting TC_002_LoginTest *****
2025-08-24 18:28:53 INFO  TC002_LoginTest:40 - ****** Finished TC_002_LoginTest *****
2025-08-24 18:28:56 INFO  TC003_SearchProduct:17 - ****** Starting TC003_SearchProduct *****
2025-08-24 18:28:59 INFO  TC003_SearchProduct:44 - ****** Finished TC003_SearchProduct *****
2025-08-24 18:33:33 INFO  TC001_AccountRegistrationTest:15 - ***** Starting TC001_AccountRegistrationTest  ****
2025-08-24 18:33:36 INFO  TC001_AccountRegistrationTest:40 - Test passed
2025-08-24 18:33:36 INFO  TC001_AccountRegistrationTest:49 - ***** Finished TC001_AccountRegistrationTest *****
2025-08-24 18:33:39 INFO  TC002_LoginTest:15 - ****** Starting TC_002_LoginTest *****
2025-08-24 18:33:41 INFO  TC002_LoginTest:40 - ****** Finished TC_002_LoginTest *****
2025-08-24 18:33:44 INFO  TC003_SearchProduct:17 - ****** Starting TC003_SearchProduct *****
2025-08-24 18:33:47 INFO  TC003_SearchProduct:44 - ****** Finished TC003_SearchProduct *****
2025-08-24 19:02:46 INFO  TC001_AccountRegistrationTest:15 - ***** Starting TC001_AccountRegistrationTest  ****
2025-08-24 19:02:50 INFO  TC001_AccountRegistrationTest:40 - Test passed
2025-08-24 19:02:50 INFO  TC001_AccountRegistrationTest:49 - ***** Finished TC001_AccountRegistrationTest *****
2025-08-24 19:02:53 INFO  TC002_LoginTest:15 - ****** Starting TC_002_LoginTest *****
2025-08-24 19:02:55 INFO  TC002_LoginTest:40 - ****** Finished TC_002_LoginTest *****
2025-08-24 19:02:58 INFO  TC003_SearchProduct:17 - ****** Starting TC003_SearchProduct *****
2025-08-24 19:03:00 INFO  TC003_SearchProduct:44 - ****** Finished TC003_SearchProduct *****
2025-08-24 19:04:05 INFO  TC001_AccountRegistrationTest:15 - ***** Starting TC001_AccountRegistrationTest  ****
2025-08-24 19:04:08 INFO  TC001_AccountRegistrationTest:40 - Test passed
2025-08-24 19:04:08 INFO  TC001_AccountRegistrationTest:49 - ***** Finished TC001_AccountRegistrationTest *****
2025-08-24 19:04:11 INFO  TC002_LoginTest:15 - ****** Starting TC_002_LoginTest *****
2025-08-24 19:04:13 INFO  TC002_LoginTest:40 - ****** Finished TC_002_LoginTest *****
